{"E:\\work\\reacttest\\hw5\\src\\pages\\auth\\auth.js": {"path":"E:\\work\\reacttest\\hw5\\src\\pages\\auth\\auth.js","statementMap":{"0":{"start":{"line":8,"column":14},"end":{"line":345,"column":1}},"1":{"start":{"line":9,"column":21},"end":{"line":9,"column":34}},"2":{"start":{"line":10,"column":20},"end":{"line":10,"column":32}},"3":{"start":{"line":11,"column":48},"end":{"line":11,"column":63}},"4":{"start":{"line":13,"column":21},"end":{"line":13,"column":57}},"5":{"start":{"line":13,"column":42},"end":{"line":13,"column":56}},"6":{"start":{"line":14,"column":27},"end":{"line":14,"column":62}},"7":{"start":{"line":14,"column":41},"end":{"line":14,"column":49}},"8":{"start":{"line":15,"column":27},"end":{"line":17,"column":5}},"9":{"start":{"line":16,"column":8},"end":{"line":16,"column":64}},"10":{"start":{"line":19,"column":27},"end":{"line":21,"column":5}},"11":{"start":{"line":20,"column":8},"end":{"line":20,"column":64}},"12":{"start":{"line":23,"column":28},"end":{"line":25,"column":5}},"13":{"start":{"line":24,"column":8},"end":{"line":24,"column":59}},"14":{"start":{"line":27,"column":36},"end":{"line":49,"column":6}},"15":{"start":{"line":51,"column":46},"end":{"line":54,"column":6}},"16":{"start":{"line":56,"column":4},"end":{"line":59,"column":10}},"17":{"start":{"line":57,"column":8},"end":{"line":57,"column":29}},"18":{"start":{"line":58,"column":8},"end":{"line":58,"column":40}},"19":{"start":{"line":61,"column":4},"end":{"line":72,"column":11}},"20":{"start":{"line":62,"column":8},"end":{"line":66,"column":51}},"21":{"start":{"line":63,"column":30},"end":{"line":63,"column":45}},"22":{"start":{"line":65,"column":16},"end":{"line":65,"column":37}},"23":{"start":{"line":66,"column":30},"end":{"line":66,"column":50}},"24":{"start":{"line":67,"column":8},"end":{"line":71,"column":51}},"25":{"start":{"line":68,"column":30},"end":{"line":68,"column":45}},"26":{"start":{"line":70,"column":16},"end":{"line":70,"column":37}},"27":{"start":{"line":71,"column":30},"end":{"line":71,"column":50}},"28":{"start":{"line":76,"column":35},"end":{"line":81,"column":5}},"29":{"start":{"line":77,"column":8},"end":{"line":80,"column":11}},"30":{"start":{"line":83,"column":30},"end":{"line":88,"column":5}},"31":{"start":{"line":84,"column":8},"end":{"line":87,"column":11}},"32":{"start":{"line":90,"column":22},"end":{"line":112,"column":5}},"33":{"start":{"line":91,"column":28},"end":{"line":91,"column":90}},"34":{"start":{"line":91,"column":55},"end":{"line":91,"column":89}},"35":{"start":{"line":92,"column":8},"end":{"line":95,"column":9}},"36":{"start":{"line":93,"column":12},"end":{"line":93,"column":51}},"37":{"start":{"line":94,"column":12},"end":{"line":94,"column":18}},"38":{"start":{"line":96,"column":8},"end":{"line":111,"column":9}},"39":{"start":{"line":97,"column":28},"end":{"line":97,"column":52}},"40":{"start":{"line":98,"column":26},"end":{"line":98,"column":36}},"41":{"start":{"line":99,"column":22},"end":{"line":99,"column":68}},"42":{"start":{"line":100,"column":24},"end":{"line":100,"column":67}},"43":{"start":{"line":101,"column":23},"end":{"line":101,"column":65}},"44":{"start":{"line":102,"column":12},"end":{"line":104,"column":13}},"45":{"start":{"line":103,"column":16},"end":{"line":103,"column":22}},"46":{"start":{"line":105,"column":12},"end":{"line":110,"column":13}},"47":{"start":{"line":106,"column":16},"end":{"line":106,"column":123}},"48":{"start":{"line":107,"column":16},"end":{"line":107,"column":29}},"49":{"start":{"line":108,"column":19},"end":{"line":110,"column":13}},"50":{"start":{"line":109,"column":16},"end":{"line":109,"column":28}},"51":{"start":{"line":114,"column":21},"end":{"line":122,"column":5}},"52":{"start":{"line":115,"column":8},"end":{"line":121,"column":9}},"53":{"start":{"line":116,"column":12},"end":{"line":116,"column":50}},"54":{"start":{"line":117,"column":12},"end":{"line":117,"column":24}},"55":{"start":{"line":119,"column":12},"end":{"line":119,"column":85}},"56":{"start":{"line":120,"column":12},"end":{"line":120,"column":25}},"57":{"start":{"line":124,"column":22},"end":{"line":132,"column":5}},"58":{"start":{"line":125,"column":26},"end":{"line":125,"column":50}},"59":{"start":{"line":126,"column":8},"end":{"line":131,"column":9}},"60":{"start":{"line":127,"column":12},"end":{"line":127,"column":24}},"61":{"start":{"line":129,"column":12},"end":{"line":129,"column":113}},"62":{"start":{"line":130,"column":12},"end":{"line":130,"column":25}},"63":{"start":{"line":134,"column":22},"end":{"line":146,"column":5}},"64":{"start":{"line":135,"column":8},"end":{"line":135,"column":27}},"65":{"start":{"line":136,"column":20},"end":{"line":136,"column":60}},"66":{"start":{"line":137,"column":8},"end":{"line":144,"column":9}},"67":{"start":{"line":139,"column":12},"end":{"line":139,"column":38}},"68":{"start":{"line":140,"column":31},"end":{"line":140,"column":55}},"69":{"start":{"line":141,"column":12},"end":{"line":141,"column":53}},"70":{"start":{"line":142,"column":12},"end":{"line":142,"column":45}},"71":{"start":{"line":143,"column":12},"end":{"line":143,"column":30}},"72":{"start":{"line":145,"column":8},"end":{"line":145,"column":20}},"73":{"start":{"line":148,"column":29},"end":{"line":150,"column":5}},"74":{"start":{"line":149,"column":8},"end":{"line":149,"column":43}},"75":{"start":{"line":152,"column":27},"end":{"line":169,"column":5}},"76":{"start":{"line":153,"column":8},"end":{"line":153,"column":27}},"77":{"start":{"line":154,"column":28},"end":{"line":159,"column":10}},"78":{"start":{"line":155,"column":12},"end":{"line":158,"column":14}},"79":{"start":{"line":160,"column":8},"end":{"line":168,"column":9}},"80":{"start":{"line":161,"column":12},"end":{"line":161,"column":44}},"81":{"start":{"line":162,"column":31},"end":{"line":162,"column":61}},"82":{"start":{"line":163,"column":12},"end":{"line":163,"column":53}},"83":{"start":{"line":164,"column":12},"end":{"line":164,"column":43}},"84":{"start":{"line":165,"column":12},"end":{"line":165,"column":30}},"85":{"start":{"line":167,"column":12},"end":{"line":167,"column":65}},"86":{"start":{"line":171,"column":26},"end":{"line":197,"column":5}},"87":{"start":{"line":172,"column":8},"end":{"line":194,"column":11}},"88":{"start":{"line":200,"column":4},"end":{"line":344,"column":6}}},"fnMap":{"0":{"name":"(anonymous_0)","decl":{"start":{"line":8,"column":14},"end":{"line":8,"column":15}},"loc":{"start":{"line":8,"column":20},"end":{"line":345,"column":1}},"line":8},"1":{"name":"(anonymous_1)","decl":{"start":{"line":13,"column":33},"end":{"line":13,"column":34}},"loc":{"start":{"line":13,"column":42},"end":{"line":13,"column":56}},"line":13},"2":{"name":"(anonymous_2)","decl":{"start":{"line":14,"column":35},"end":{"line":14,"column":36}},"loc":{"start":{"line":14,"column":41},"end":{"line":14,"column":49}},"line":14},"3":{"name":"(anonymous_3)","decl":{"start":{"line":15,"column":27},"end":{"line":15,"column":28}},"loc":{"start":{"line":15,"column":40},"end":{"line":17,"column":5}},"line":15},"4":{"name":"(anonymous_4)","decl":{"start":{"line":19,"column":27},"end":{"line":19,"column":28}},"loc":{"start":{"line":19,"column":40},"end":{"line":21,"column":5}},"line":19},"5":{"name":"(anonymous_5)","decl":{"start":{"line":23,"column":28},"end":{"line":23,"column":29}},"loc":{"start":{"line":23,"column":41},"end":{"line":25,"column":5}},"line":23},"6":{"name":"(anonymous_6)","decl":{"start":{"line":56,"column":14},"end":{"line":56,"column":15}},"loc":{"start":{"line":56,"column":20},"end":{"line":59,"column":5}},"line":56},"7":{"name":"(anonymous_7)","decl":{"start":{"line":61,"column":14},"end":{"line":61,"column":15}},"loc":{"start":{"line":61,"column":20},"end":{"line":72,"column":5}},"line":61},"8":{"name":"(anonymous_8)","decl":{"start":{"line":63,"column":18},"end":{"line":63,"column":19}},"loc":{"start":{"line":63,"column":30},"end":{"line":63,"column":45}},"line":63},"9":{"name":"(anonymous_9)","decl":{"start":{"line":64,"column":18},"end":{"line":64,"column":19}},"loc":{"start":{"line":64,"column":26},"end":{"line":66,"column":13}},"line":64},"10":{"name":"(anonymous_10)","decl":{"start":{"line":66,"column":21},"end":{"line":66,"column":22}},"loc":{"start":{"line":66,"column":30},"end":{"line":66,"column":50}},"line":66},"11":{"name":"(anonymous_11)","decl":{"start":{"line":68,"column":18},"end":{"line":68,"column":19}},"loc":{"start":{"line":68,"column":30},"end":{"line":68,"column":45}},"line":68},"12":{"name":"(anonymous_12)","decl":{"start":{"line":69,"column":18},"end":{"line":69,"column":19}},"loc":{"start":{"line":69,"column":26},"end":{"line":71,"column":13}},"line":69},"13":{"name":"(anonymous_13)","decl":{"start":{"line":71,"column":21},"end":{"line":71,"column":22}},"loc":{"start":{"line":71,"column":30},"end":{"line":71,"column":50}},"line":71},"14":{"name":"(anonymous_14)","decl":{"start":{"line":76,"column":35},"end":{"line":76,"column":36}},"loc":{"start":{"line":76,"column":42},"end":{"line":81,"column":5}},"line":76},"15":{"name":"(anonymous_15)","decl":{"start":{"line":83,"column":30},"end":{"line":83,"column":31}},"loc":{"start":{"line":83,"column":37},"end":{"line":88,"column":5}},"line":83},"16":{"name":"(anonymous_16)","decl":{"start":{"line":90,"column":22},"end":{"line":90,"column":23}},"loc":{"start":{"line":90,"column":28},"end":{"line":112,"column":5}},"line":90},"17":{"name":"(anonymous_17)","decl":{"start":{"line":91,"column":48},"end":{"line":91,"column":49}},"loc":{"start":{"line":91,"column":55},"end":{"line":91,"column":89}},"line":91},"18":{"name":"(anonymous_18)","decl":{"start":{"line":114,"column":21},"end":{"line":114,"column":22}},"loc":{"start":{"line":114,"column":27},"end":{"line":122,"column":5}},"line":114},"19":{"name":"(anonymous_19)","decl":{"start":{"line":124,"column":22},"end":{"line":124,"column":23}},"loc":{"start":{"line":124,"column":28},"end":{"line":132,"column":5}},"line":124},"20":{"name":"(anonymous_20)","decl":{"start":{"line":134,"column":22},"end":{"line":134,"column":23}},"loc":{"start":{"line":134,"column":29},"end":{"line":146,"column":5}},"line":134},"21":{"name":"(anonymous_21)","decl":{"start":{"line":148,"column":29},"end":{"line":148,"column":30}},"loc":{"start":{"line":148,"column":35},"end":{"line":150,"column":5}},"line":148},"22":{"name":"(anonymous_22)","decl":{"start":{"line":152,"column":27},"end":{"line":152,"column":28}},"loc":{"start":{"line":152,"column":34},"end":{"line":169,"column":5}},"line":152},"23":{"name":"(anonymous_23)","decl":{"start":{"line":154,"column":50},"end":{"line":154,"column":51}},"loc":{"start":{"line":154,"column":58},"end":{"line":159,"column":9}},"line":154},"24":{"name":"(anonymous_24)","decl":{"start":{"line":171,"column":26},"end":{"line":171,"column":27}},"loc":{"start":{"line":171,"column":32},"end":{"line":197,"column":5}},"line":171}},"branchMap":{"0":{"loc":{"start":{"line":92,"column":8},"end":{"line":95,"column":9}},"type":"if","locations":[{"start":{"line":92,"column":8},"end":{"line":95,"column":9}},{"start":{},"end":{}}],"line":92},"1":{"loc":{"start":{"line":96,"column":8},"end":{"line":111,"column":9}},"type":"if","locations":[{"start":{"line":96,"column":8},"end":{"line":111,"column":9}},{"start":{},"end":{}}],"line":96},"2":{"loc":{"start":{"line":102,"column":12},"end":{"line":104,"column":13}},"type":"if","locations":[{"start":{"line":102,"column":12},"end":{"line":104,"column":13}},{"start":{},"end":{}}],"line":102},"3":{"loc":{"start":{"line":102,"column":16},"end":{"line":102,"column":54}},"type":"binary-expr","locations":[{"start":{"line":102,"column":16},"end":{"line":102,"column":25}},{"start":{"line":102,"column":30},"end":{"line":102,"column":41}},{"start":{"line":102,"column":45},"end":{"line":102,"column":53}}],"line":102},"4":{"loc":{"start":{"line":105,"column":12},"end":{"line":110,"column":13}},"type":"if","locations":[{"start":{"line":105,"column":12},"end":{"line":110,"column":13}},{"start":{"line":108,"column":19},"end":{"line":110,"column":13}}],"line":105},"5":{"loc":{"start":{"line":108,"column":19},"end":{"line":110,"column":13}},"type":"if","locations":[{"start":{"line":108,"column":19},"end":{"line":110,"column":13}},{"start":{},"end":{}}],"line":108},"6":{"loc":{"start":{"line":115,"column":8},"end":{"line":121,"column":9}},"type":"if","locations":[{"start":{"line":115,"column":8},"end":{"line":121,"column":9}},{"start":{"line":118,"column":15},"end":{"line":121,"column":9}}],"line":115},"7":{"loc":{"start":{"line":126,"column":8},"end":{"line":131,"column":9}},"type":"if","locations":[{"start":{"line":126,"column":8},"end":{"line":131,"column":9}},{"start":{"line":128,"column":15},"end":{"line":131,"column":9}}],"line":126},"8":{"loc":{"start":{"line":136,"column":20},"end":{"line":136,"column":60}},"type":"binary-expr","locations":[{"start":{"line":136,"column":20},"end":{"line":136,"column":31}},{"start":{"line":136,"column":35},"end":{"line":136,"column":46}},{"start":{"line":136,"column":50},"end":{"line":136,"column":60}}],"line":136},"9":{"loc":{"start":{"line":137,"column":8},"end":{"line":144,"column":9}},"type":"if","locations":[{"start":{"line":137,"column":8},"end":{"line":144,"column":9}},{"start":{},"end":{}}],"line":137},"10":{"loc":{"start":{"line":156,"column":16},"end":{"line":157,"column":62}},"type":"binary-expr","locations":[{"start":{"line":156,"column":16},"end":{"line":156,"column":64}},{"start":{"line":157,"column":16},"end":{"line":157,"column":62}}],"line":156},"11":{"loc":{"start":{"line":160,"column":8},"end":{"line":168,"column":9}},"type":"if","locations":[{"start":{"line":160,"column":8},"end":{"line":168,"column":9}},{"start":{"line":166,"column":15},"end":{"line":168,"column":9}}],"line":160},"12":{"loc":{"start":{"line":205,"column":80},"end":{"line":205,"column":118}},"type":"cond-expr","locations":[{"start":{"line":205,"column":97},"end":{"line":205,"column":113}},{"start":{"line":205,"column":116},"end":{"line":205,"column":118}}],"line":205},"13":{"loc":{"start":{"line":300,"column":80},"end":{"line":300,"column":141}},"type":"cond-expr","locations":[{"start":{"line":300,"column":97},"end":{"line":300,"column":136}},{"start":{"line":300,"column":139},"end":{"line":300,"column":141}}],"line":300},"14":{"loc":{"start":{"line":326,"column":52},"end":{"line":326,"column":90}},"type":"cond-expr","locations":[{"start":{"line":326,"column":69},"end":{"line":326,"column":85}},{"start":{"line":326,"column":88},"end":{"line":326,"column":90}}],"line":326},"15":{"loc":{"start":{"line":329,"column":66},"end":{"line":329,"column":107}},"type":"cond-expr","locations":[{"start":{"line":329,"column":83},"end":{"line":329,"column":102}},{"start":{"line":329,"column":105},"end":{"line":329,"column":107}}],"line":329},"16":{"loc":{"start":{"line":335,"column":66},"end":{"line":335,"column":107}},"type":"cond-expr","locations":[{"start":{"line":335,"column":83},"end":{"line":335,"column":85}},{"start":{"line":335,"column":88},"end":{"line":335,"column":107}}],"line":335}},"s":{"0":1,"1":43,"2":43,"3":43,"4":43,"5":50,"6":43,"7":7,"8":43,"9":6,"10":43,"11":6,"12":43,"13":9,"14":43,"15":43,"16":43,"17":7,"18":7,"19":43,"20":7,"21":6,"22":6,"23":0,"24":7,"25":6,"26":6,"27":0,"28":43,"29":4,"30":43,"31":32,"32":43,"33":3,"34":3,"35":3,"36":1,"37":1,"38":2,"39":2,"40":2,"41":2,"42":2,"43":2,"44":2,"45":2,"46":2,"47":0,"48":0,"49":2,"50":2,"51":43,"52":2,"53":1,"54":1,"55":1,"56":1,"57":43,"58":4,"59":4,"60":3,"61":1,"62":1,"63":43,"64":4,"65":4,"66":4,"67":1,"68":1,"69":1,"70":1,"71":1,"72":4,"73":43,"74":0,"75":43,"76":2,"77":2,"78":2,"79":2,"80":1,"81":1,"82":1,"83":1,"84":1,"85":1,"86":43,"87":0,"88":43},"f":{"0":43,"1":50,"2":7,"3":6,"4":6,"5":9,"6":7,"7":7,"8":6,"9":6,"10":0,"11":6,"12":6,"13":0,"14":4,"15":32,"16":3,"17":3,"18":2,"19":4,"20":4,"21":0,"22":2,"23":2,"24":0},"b":{"0":[1,2],"1":[2,0],"2":[2,0],"3":[2,0,0],"4":[0,2],"5":[2,0],"6":[1,1],"7":[3,1],"8":[4,3,2],"9":[1,3],"10":[2,1],"11":[1,1],"12":[0,43],"13":[0,43],"14":[0,43],"15":[0,43],"16":[0,43]},"_coverageSchema":"1a1c01bbd47fc00a2c39e90264f33305004495a9","hash":"5cab863d52210843ba93fda5141a158095f7be42"}
,"E:\\work\\reacttest\\hw5\\src\\pages\\main\\main.js": {"path":"E:\\work\\reacttest\\hw5\\src\\pages\\main\\main.js","statementMap":{"0":{"start":{"line":15,"column":18},"end":{"line":199,"column":1}},"1":{"start":{"line":16,"column":21},"end":{"line":16,"column":34}},"2":{"start":{"line":17,"column":20},"end":{"line":17,"column":32}},"3":{"start":{"line":18,"column":47},"end":{"line":18,"column":62}},"4":{"start":{"line":19,"column":60},"end":{"line":19,"column":75}},"5":{"start":{"line":20,"column":44},"end":{"line":20,"column":56}},"6":{"start":{"line":21,"column":56},"end":{"line":21,"column":68}},"7":{"start":{"line":23,"column":21},"end":{"line":23,"column":57}},"8":{"start":{"line":23,"column":42},"end":{"line":23,"column":56}},"9":{"start":{"line":24,"column":27},"end":{"line":24,"column":62}},"10":{"start":{"line":24,"column":41},"end":{"line":24,"column":49}},"11":{"start":{"line":25,"column":27},"end":{"line":27,"column":5}},"12":{"start":{"line":26,"column":8},"end":{"line":26,"column":64}},"13":{"start":{"line":29,"column":21},"end":{"line":29,"column":57}},"14":{"start":{"line":29,"column":42},"end":{"line":29,"column":56}},"15":{"start":{"line":30,"column":27},"end":{"line":30,"column":62}},"16":{"start":{"line":30,"column":41},"end":{"line":30,"column":49}},"17":{"start":{"line":31,"column":27},"end":{"line":33,"column":5}},"18":{"start":{"line":32,"column":8},"end":{"line":32,"column":64}},"19":{"start":{"line":34,"column":22},"end":{"line":34,"column":59}},"20":{"start":{"line":34,"column":43},"end":{"line":34,"column":58}},"21":{"start":{"line":35,"column":28},"end":{"line":35,"column":65}},"22":{"start":{"line":35,"column":42},"end":{"line":35,"column":51}},"23":{"start":{"line":36,"column":28},"end":{"line":40,"column":5}},"24":{"start":{"line":37,"column":8},"end":{"line":37,"column":59}},"25":{"start":{"line":38,"column":22},"end":{"line":38,"column":45}},"26":{"start":{"line":39,"column":8},"end":{"line":39,"column":45}},"27":{"start":{"line":42,"column":4},"end":{"line":60,"column":10}},"28":{"start":{"line":43,"column":27},"end":{"line":43,"column":55}},"29":{"start":{"line":44,"column":21},"end":{"line":44,"column":43}},"30":{"start":{"line":45,"column":8},"end":{"line":59,"column":9}},"31":{"start":{"line":46,"column":12},"end":{"line":46,"column":33}},"32":{"start":{"line":47,"column":12},"end":{"line":51,"column":18}},"33":{"start":{"line":48,"column":34},"end":{"line":48,"column":49}},"34":{"start":{"line":50,"column":20},"end":{"line":50,"column":41}},"35":{"start":{"line":52,"column":12},"end":{"line":56,"column":18}},"36":{"start":{"line":53,"column":34},"end":{"line":53,"column":49}},"37":{"start":{"line":55,"column":20},"end":{"line":55,"column":41}},"38":{"start":{"line":58,"column":12},"end":{"line":58,"column":34}},"39":{"start":{"line":62,"column":4},"end":{"line":80,"column":52}},"40":{"start":{"line":63,"column":8},"end":{"line":79,"column":9}},"41":{"start":{"line":64,"column":12},"end":{"line":77,"column":13}},"42":{"start":{"line":65,"column":37},"end":{"line":74,"column":18}},"43":{"start":{"line":66,"column":20},"end":{"line":73,"column":22}},"44":{"start":{"line":75,"column":16},"end":{"line":75,"column":46}},"45":{"start":{"line":76,"column":16},"end":{"line":76,"column":30}},"46":{"start":{"line":82,"column":4},"end":{"line":84,"column":52}},"47":{"start":{"line":83,"column":8},"end":{"line":83,"column":22}},"48":{"start":{"line":86,"column":25},"end":{"line":105,"column":5}},"49":{"start":{"line":87,"column":8},"end":{"line":104,"column":9}},"50":{"start":{"line":88,"column":12},"end":{"line":103,"column":13}},"51":{"start":{"line":89,"column":35},"end":{"line":89,"column":37}},"52":{"start":{"line":90,"column":38},"end":{"line":90,"column":58}},"53":{"start":{"line":91,"column":45},"end":{"line":94,"column":17}},"54":{"start":{"line":93,"column":48},"end":{"line":93,"column":55}},"55":{"start":{"line":95,"column":16},"end":{"line":99,"column":19}},"56":{"start":{"line":96,"column":20},"end":{"line":98,"column":21}},"57":{"start":{"line":97,"column":24},"end":{"line":97,"column":51}},"58":{"start":{"line":100,"column":16},"end":{"line":100,"column":39}},"59":{"start":{"line":101,"column":16},"end":{"line":101,"column":52}},"60":{"start":{"line":107,"column":27},"end":{"line":110,"column":5}},"61":{"start":{"line":108,"column":36},"end":{"line":108,"column":83}},"62":{"start":{"line":108,"column":64},"end":{"line":108,"column":82}},"63":{"start":{"line":109,"column":8},"end":{"line":109,"column":45}},"64":{"start":{"line":112,"column":26},"end":{"line":119,"column":5}},"65":{"start":{"line":113,"column":8},"end":{"line":118,"column":9}},"66":{"start":{"line":114,"column":22},"end":{"line":114,"column":65}},"67":{"start":{"line":115,"column":12},"end":{"line":115,"column":52}},"68":{"start":{"line":116,"column":12},"end":{"line":116,"column":33}},"69":{"start":{"line":122,"column":26},"end":{"line":129,"column":5}},"70":{"start":{"line":123,"column":8},"end":{"line":128,"column":9}},"71":{"start":{"line":124,"column":12},"end":{"line":124,"column":71}},"72":{"start":{"line":124,"column":46},"end":{"line":124,"column":69}},"73":{"start":{"line":125,"column":31},"end":{"line":125,"column":66}},"74":{"start":{"line":125,"column":43},"end":{"line":125,"column":66}},"75":{"start":{"line":126,"column":12},"end":{"line":126,"column":41}},"76":{"start":{"line":132,"column":28},"end":{"line":141,"column":5}},"77":{"start":{"line":133,"column":29},"end":{"line":133,"column":89}},"78":{"start":{"line":133,"column":60},"end":{"line":133,"column":88}},"79":{"start":{"line":134,"column":8},"end":{"line":140,"column":9}},"80":{"start":{"line":135,"column":12},"end":{"line":135,"column":63}},"81":{"start":{"line":136,"column":12},"end":{"line":136,"column":41}},"82":{"start":{"line":137,"column":12},"end":{"line":137,"column":49}},"83":{"start":{"line":139,"column":12},"end":{"line":139,"column":40}},"84":{"start":{"line":145,"column":25},"end":{"line":154,"column":5}},"85":{"start":{"line":146,"column":29},"end":{"line":149,"column":10}},"86":{"start":{"line":147,"column":36},"end":{"line":147,"column":39}},"87":{"start":{"line":148,"column":12},"end":{"line":148,"column":83}},"88":{"start":{"line":150,"column":8},"end":{"line":150,"column":43}},"89":{"start":{"line":151,"column":8},"end":{"line":153,"column":9}},"90":{"start":{"line":152,"column":12},"end":{"line":152,"column":45}},"91":{"start":{"line":156,"column":4},"end":{"line":198,"column":5}},"92":{"start":{"line":180,"column":32},"end":{"line":180,"column":98}},"93":{"start":{"line":187,"column":28},"end":{"line":187,"column":90}}},"fnMap":{"0":{"name":"(anonymous_0)","decl":{"start":{"line":15,"column":18},"end":{"line":15,"column":19}},"loc":{"start":{"line":15,"column":24},"end":{"line":199,"column":1}},"line":15},"1":{"name":"(anonymous_1)","decl":{"start":{"line":23,"column":33},"end":{"line":23,"column":34}},"loc":{"start":{"line":23,"column":42},"end":{"line":23,"column":56}},"line":23},"2":{"name":"(anonymous_2)","decl":{"start":{"line":24,"column":35},"end":{"line":24,"column":36}},"loc":{"start":{"line":24,"column":41},"end":{"line":24,"column":49}},"line":24},"3":{"name":"(anonymous_3)","decl":{"start":{"line":25,"column":27},"end":{"line":25,"column":28}},"loc":{"start":{"line":25,"column":40},"end":{"line":27,"column":5}},"line":25},"4":{"name":"(anonymous_4)","decl":{"start":{"line":29,"column":33},"end":{"line":29,"column":34}},"loc":{"start":{"line":29,"column":42},"end":{"line":29,"column":56}},"line":29},"5":{"name":"(anonymous_5)","decl":{"start":{"line":30,"column":35},"end":{"line":30,"column":36}},"loc":{"start":{"line":30,"column":41},"end":{"line":30,"column":49}},"line":30},"6":{"name":"(anonymous_6)","decl":{"start":{"line":31,"column":27},"end":{"line":31,"column":28}},"loc":{"start":{"line":31,"column":40},"end":{"line":33,"column":5}},"line":31},"7":{"name":"(anonymous_7)","decl":{"start":{"line":34,"column":34},"end":{"line":34,"column":35}},"loc":{"start":{"line":34,"column":43},"end":{"line":34,"column":58}},"line":34},"8":{"name":"(anonymous_8)","decl":{"start":{"line":35,"column":36},"end":{"line":35,"column":37}},"loc":{"start":{"line":35,"column":42},"end":{"line":35,"column":51}},"line":35},"9":{"name":"(anonymous_9)","decl":{"start":{"line":36,"column":28},"end":{"line":36,"column":29}},"loc":{"start":{"line":36,"column":41},"end":{"line":40,"column":5}},"line":36},"10":{"name":"(anonymous_10)","decl":{"start":{"line":42,"column":14},"end":{"line":42,"column":15}},"loc":{"start":{"line":42,"column":20},"end":{"line":60,"column":5}},"line":42},"11":{"name":"(anonymous_11)","decl":{"start":{"line":48,"column":22},"end":{"line":48,"column":23}},"loc":{"start":{"line":48,"column":34},"end":{"line":48,"column":49}},"line":48},"12":{"name":"(anonymous_12)","decl":{"start":{"line":49,"column":22},"end":{"line":49,"column":23}},"loc":{"start":{"line":49,"column":30},"end":{"line":51,"column":17}},"line":49},"13":{"name":"(anonymous_13)","decl":{"start":{"line":53,"column":22},"end":{"line":53,"column":23}},"loc":{"start":{"line":53,"column":34},"end":{"line":53,"column":49}},"line":53},"14":{"name":"(anonymous_14)","decl":{"start":{"line":54,"column":22},"end":{"line":54,"column":23}},"loc":{"start":{"line":54,"column":30},"end":{"line":56,"column":17}},"line":54},"15":{"name":"(anonymous_15)","decl":{"start":{"line":62,"column":14},"end":{"line":62,"column":15}},"loc":{"start":{"line":62,"column":20},"end":{"line":80,"column":5}},"line":62},"16":{"name":"(anonymous_16)","decl":{"start":{"line":65,"column":59},"end":{"line":65,"column":60}},"loc":{"start":{"line":65,"column":67},"end":{"line":74,"column":17}},"line":65},"17":{"name":"(anonymous_17)","decl":{"start":{"line":82,"column":14},"end":{"line":82,"column":15}},"loc":{"start":{"line":82,"column":20},"end":{"line":84,"column":5}},"line":82},"18":{"name":"(anonymous_18)","decl":{"start":{"line":86,"column":25},"end":{"line":86,"column":26}},"loc":{"start":{"line":86,"column":31},"end":{"line":105,"column":5}},"line":86},"19":{"name":"(anonymous_19)","decl":{"start":{"line":93,"column":40},"end":{"line":93,"column":41}},"loc":{"start":{"line":93,"column":48},"end":{"line":93,"column":55}},"line":93},"20":{"name":"(anonymous_20)","decl":{"start":{"line":95,"column":39},"end":{"line":95,"column":40}},"loc":{"start":{"line":95,"column":50},"end":{"line":99,"column":17}},"line":95},"21":{"name":"(anonymous_21)","decl":{"start":{"line":107,"column":27},"end":{"line":107,"column":28}},"loc":{"start":{"line":107,"column":39},"end":{"line":110,"column":5}},"line":107},"22":{"name":"(anonymous_22)","decl":{"start":{"line":108,"column":56},"end":{"line":108,"column":57}},"loc":{"start":{"line":108,"column":64},"end":{"line":108,"column":82}},"line":108},"23":{"name":"(anonymous_23)","decl":{"start":{"line":112,"column":26},"end":{"line":112,"column":27}},"loc":{"start":{"line":112,"column":40},"end":{"line":119,"column":5}},"line":112},"24":{"name":"(anonymous_24)","decl":{"start":{"line":122,"column":26},"end":{"line":122,"column":27}},"loc":{"start":{"line":122,"column":40},"end":{"line":129,"column":5}},"line":122},"25":{"name":"(anonymous_25)","decl":{"start":{"line":124,"column":34},"end":{"line":124,"column":35}},"loc":{"start":{"line":124,"column":46},"end":{"line":124,"column":69}},"line":124},"26":{"name":"(anonymous_26)","decl":{"start":{"line":125,"column":31},"end":{"line":125,"column":32}},"loc":{"start":{"line":125,"column":43},"end":{"line":125,"column":66}},"line":125},"27":{"name":"(anonymous_27)","decl":{"start":{"line":132,"column":28},"end":{"line":132,"column":29}},"loc":{"start":{"line":132,"column":40},"end":{"line":141,"column":5}},"line":132},"28":{"name":"(anonymous_28)","decl":{"start":{"line":133,"column":51},"end":{"line":133,"column":52}},"loc":{"start":{"line":133,"column":60},"end":{"line":133,"column":88}},"line":133},"29":{"name":"(anonymous_29)","decl":{"start":{"line":145,"column":25},"end":{"line":145,"column":26}},"loc":{"start":{"line":145,"column":41},"end":{"line":154,"column":5}},"line":145},"30":{"name":"(anonymous_30)","decl":{"start":{"line":146,"column":55},"end":{"line":146,"column":56}},"loc":{"start":{"line":146,"column":64},"end":{"line":149,"column":9}},"line":146},"31":{"name":"(anonymous_31)","decl":{"start":{"line":179,"column":46},"end":{"line":179,"column":47}},"loc":{"start":{"line":180,"column":32},"end":{"line":180,"column":98}},"line":180},"32":{"name":"(anonymous_32)","decl":{"start":{"line":186,"column":48},"end":{"line":186,"column":49}},"loc":{"start":{"line":187,"column":28},"end":{"line":187,"column":90}},"line":187}},"branchMap":{"0":{"loc":{"start":{"line":45,"column":8},"end":{"line":59,"column":9}},"type":"if","locations":[{"start":{"line":45,"column":8},"end":{"line":59,"column":9}},{"start":{"line":57,"column":15},"end":{"line":59,"column":9}}],"line":45},"1":{"loc":{"start":{"line":45,"column":12},"end":{"line":45,"column":35}},"type":"binary-expr","locations":[{"start":{"line":45,"column":12},"end":{"line":45,"column":16}},{"start":{"line":45,"column":20},"end":{"line":45,"column":35}}],"line":45},"2":{"loc":{"start":{"line":64,"column":12},"end":{"line":77,"column":13}},"type":"if","locations":[{"start":{"line":64,"column":12},"end":{"line":77,"column":13}},{"start":{},"end":{}}],"line":64},"3":{"loc":{"start":{"line":64,"column":16},"end":{"line":64,"column":60}},"type":"binary-expr","locations":[{"start":{"line":64,"column":16},"end":{"line":64,"column":30}},{"start":{"line":64,"column":34},"end":{"line":64,"column":60}}],"line":64},"4":{"loc":{"start":{"line":67,"column":24},"end":{"line":72,"column":68}},"type":"binary-expr","locations":[{"start":{"line":67,"column":24},"end":{"line":67,"column":65}},{"start":{"line":68,"column":24},"end":{"line":68,"column":65}},{"start":{"line":69,"column":24},"end":{"line":69,"column":65}},{"start":{"line":70,"column":25},"end":{"line":70,"column":49}},{"start":{"line":70,"column":53},"end":{"line":70,"column":67}},{"start":{"line":71,"column":25},"end":{"line":71,"column":49}},{"start":{"line":71,"column":53},"end":{"line":71,"column":67}},{"start":{"line":72,"column":25},"end":{"line":72,"column":49}},{"start":{"line":72,"column":53},"end":{"line":72,"column":67}}],"line":67},"5":{"loc":{"start":{"line":87,"column":8},"end":{"line":104,"column":9}},"type":"if","locations":[{"start":{"line":87,"column":8},"end":{"line":104,"column":9}},{"start":{},"end":{}}],"line":87},"6":{"loc":{"start":{"line":87,"column":12},"end":{"line":87,"column":42}},"type":"binary-expr","locations":[{"start":{"line":87,"column":12},"end":{"line":87,"column":24}},{"start":{"line":87,"column":28},"end":{"line":87,"column":42}}],"line":87},"7":{"loc":{"start":{"line":96,"column":20},"end":{"line":98,"column":21}},"type":"if","locations":[{"start":{"line":96,"column":20},"end":{"line":98,"column":21}},{"start":{},"end":{}}],"line":96},"8":{"loc":{"start":{"line":134,"column":8},"end":{"line":140,"column":9}},"type":"if","locations":[{"start":{"line":134,"column":8},"end":{"line":140,"column":9}},{"start":{"line":138,"column":15},"end":{"line":140,"column":9}}],"line":134},"9":{"loc":{"start":{"line":148,"column":19},"end":{"line":148,"column":82}},"type":"binary-expr","locations":[{"start":{"line":148,"column":19},"end":{"line":148,"column":49}},{"start":{"line":148,"column":53},"end":{"line":148,"column":82}}],"line":148},"10":{"loc":{"start":{"line":151,"column":8},"end":{"line":153,"column":9}},"type":"if","locations":[{"start":{"line":151,"column":8},"end":{"line":153,"column":9}},{"start":{},"end":{}}],"line":151},"11":{"loc":{"start":{"line":164,"column":34},"end":{"line":164,"column":115}},"type":"binary-expr","locations":[{"start":{"line":164,"column":34},"end":{"line":164,"column":49}},{"start":{"line":164,"column":53},"end":{"line":164,"column":76}},{"start":{"line":164,"column":80},"end":{"line":164,"column":115}}],"line":164},"12":{"loc":{"start":{"line":165,"column":28},"end":{"line":165,"column":99}},"type":"binary-expr","locations":[{"start":{"line":165,"column":28},"end":{"line":165,"column":43}},{"start":{"line":165,"column":47},"end":{"line":165,"column":71}},{"start":{"line":165,"column":75},"end":{"line":165,"column":99}}],"line":165}},"s":{"0":1,"1":22,"2":22,"3":22,"4":22,"5":22,"6":22,"7":22,"8":29,"9":22,"10":7,"11":22,"12":7,"13":22,"14":29,"15":22,"16":7,"17":22,"18":7,"19":22,"20":29,"21":22,"22":7,"23":22,"24":8,"25":8,"26":8,"27":22,"28":7,"29":7,"30":7,"31":7,"32":7,"33":7,"34":7,"35":7,"36":7,"37":7,"38":0,"39":22,"40":7,"41":7,"42":3,"43":30,"44":3,"45":3,"46":22,"47":15,"48":22,"49":18,"50":12,"51":12,"52":12,"53":12,"54":10,"55":12,"56":180,"57":24,"58":12,"59":12,"60":22,"61":0,"62":0,"63":0,"64":22,"65":1,"66":1,"67":1,"68":1,"69":22,"70":1,"71":1,"72":1,"73":1,"74":1,"75":1,"76":22,"77":1,"78":10,"79":1,"80":1,"81":1,"82":1,"83":0,"84":22,"85":8,"86":0,"87":0,"88":8,"89":8,"90":7,"91":22,"92":23,"93":27},"f":{"0":22,"1":29,"2":7,"3":7,"4":29,"5":7,"6":7,"7":29,"8":7,"9":8,"10":7,"11":7,"12":7,"13":7,"14":7,"15":7,"16":30,"17":15,"18":18,"19":10,"20":180,"21":0,"22":0,"23":1,"24":1,"25":1,"26":1,"27":1,"28":10,"29":8,"30":0,"31":23,"32":27},"b":{"0":[7,0],"1":[7,0],"2":[3,4],"3":[7,4],"4":[30,27,24,21,0,21,0,21,0],"5":[12,6],"6":[18,18],"7":[24,156],"8":[1,0],"9":[0,0],"10":[7,1],"11":[22,22,10],"12":[22,22,22]},"_coverageSchema":"1a1c01bbd47fc00a2c39e90264f33305004495a9","hash":"27ba78a76df844b3ca443ead062c18f5e52dfec8"}
,"E:\\work\\reacttest\\hw5\\src\\pages\\main\\compoment\\Addfollow.js": {"path":"E:\\work\\reacttest\\hw5\\src\\pages\\main\\compoment\\Addfollow.js","statementMap":{"0":{"start":{"line":4,"column":20},"end":{"line":42,"column":1}},"1":{"start":{"line":5,"column":28},"end":{"line":7,"column":6}},"2":{"start":{"line":9,"column":30},"end":{"line":15,"column":5}},"3":{"start":{"line":10,"column":32},"end":{"line":10,"column":44}},"4":{"start":{"line":11,"column":8},"end":{"line":14,"column":12}},"5":{"start":{"line":11,"column":29},"end":{"line":14,"column":9}},"6":{"start":{"line":18,"column":25},"end":{"line":21,"column":5}},"7":{"start":{"line":19,"column":8},"end":{"line":19,"column":31}},"8":{"start":{"line":20,"column":8},"end":{"line":20,"column":29}},"9":{"start":{"line":22,"column":4},"end":{"line":41,"column":6}}},"fnMap":{"0":{"name":"(anonymous_0)","decl":{"start":{"line":4,"column":20},"end":{"line":4,"column":21}},"loc":{"start":{"line":4,"column":44},"end":{"line":42,"column":1}},"line":4},"1":{"name":"(anonymous_1)","decl":{"start":{"line":9,"column":30},"end":{"line":9,"column":31}},"loc":{"start":{"line":9,"column":41},"end":{"line":15,"column":5}},"line":9},"2":{"name":"(anonymous_2)","decl":{"start":{"line":11,"column":16},"end":{"line":11,"column":17}},"loc":{"start":{"line":11,"column":29},"end":{"line":14,"column":9}},"line":11},"3":{"name":"(anonymous_3)","decl":{"start":{"line":18,"column":25},"end":{"line":18,"column":26}},"loc":{"start":{"line":18,"column":36},"end":{"line":21,"column":5}},"line":18}},"branchMap":{},"s":{"0":1,"1":23,"2":23,"3":1,"4":1,"5":1,"6":23,"7":1,"8":1,"9":23},"f":{"0":23,"1":1,"2":1,"3":1},"b":{},"_coverageSchema":"1a1c01bbd47fc00a2c39e90264f33305004495a9","hash":"1aa0f8bdae948a0454f84c54ab34e68ca95fae78"}
,"E:\\work\\reacttest\\hw5\\src\\pages\\main\\compoment\\Followed.js": {"path":"E:\\work\\reacttest\\hw5\\src\\pages\\main\\compoment\\Followed.js","statementMap":{"0":{"start":{"line":4,"column":19},"end":{"line":26,"column":1}},"1":{"start":{"line":5,"column":32},"end":{"line":7,"column":5}},"2":{"start":{"line":6,"column":8},"end":{"line":6,"column":28}},"3":{"start":{"line":8,"column":4},"end":{"line":25,"column":6}}},"fnMap":{"0":{"name":"(anonymous_0)","decl":{"start":{"line":4,"column":19},"end":{"line":4,"column":20}},"loc":{"start":{"line":4,"column":44},"end":{"line":26,"column":1}},"line":4},"1":{"name":"(anonymous_1)","decl":{"start":{"line":5,"column":32},"end":{"line":5,"column":33}},"loc":{"start":{"line":5,"column":38},"end":{"line":7,"column":5}},"line":5}},"branchMap":{},"s":{"0":1,"1":23,"2":0,"3":23},"f":{"0":23,"1":0},"b":{},"_coverageSchema":"1a1c01bbd47fc00a2c39e90264f33305004495a9","hash":"47b6f9417fcb153d76c99dd31eeeb7df7dc6605e"}
,"E:\\work\\reacttest\\hw5\\src\\pages\\main\\compoment\\SearchBar.js": {"path":"E:\\work\\reacttest\\hw5\\src\\pages\\main\\compoment\\SearchBar.js","statementMap":{"0":{"start":{"line":4,"column":20},"end":{"line":27,"column":1}},"1":{"start":{"line":5,"column":28},"end":{"line":7,"column":6}},"2":{"start":{"line":9,"column":30},"end":{"line":16,"column":5}},"3":{"start":{"line":10,"column":32},"end":{"line":10,"column":44}},"4":{"start":{"line":11,"column":8},"end":{"line":14,"column":12}},"5":{"start":{"line":11,"column":29},"end":{"line":14,"column":9}},"6":{"start":{"line":18,"column":4},"end":{"line":20,"column":13}},"7":{"start":{"line":19,"column":8},"end":{"line":19,"column":27}},"8":{"start":{"line":21,"column":4},"end":{"line":26,"column":6}}},"fnMap":{"0":{"name":"(anonymous_0)","decl":{"start":{"line":4,"column":20},"end":{"line":4,"column":21}},"loc":{"start":{"line":4,"column":43},"end":{"line":27,"column":1}},"line":4},"1":{"name":"(anonymous_1)","decl":{"start":{"line":9,"column":30},"end":{"line":9,"column":31}},"loc":{"start":{"line":9,"column":41},"end":{"line":16,"column":5}},"line":9},"2":{"name":"(anonymous_2)","decl":{"start":{"line":11,"column":16},"end":{"line":11,"column":17}},"loc":{"start":{"line":11,"column":29},"end":{"line":14,"column":9}},"line":11},"3":{"name":"(anonymous_3)","decl":{"start":{"line":18,"column":14},"end":{"line":18,"column":15}},"loc":{"start":{"line":18,"column":18},"end":{"line":20,"column":5}},"line":18}},"branchMap":{},"s":{"0":1,"1":23,"2":23,"3":1,"4":1,"5":1,"6":23,"7":8,"8":23},"f":{"0":23,"1":1,"2":1,"3":8},"b":{},"_coverageSchema":"1a1c01bbd47fc00a2c39e90264f33305004495a9","hash":"e42eb30ec2614b4d020e8578b9a3bf8cc460c88e"}
,"E:\\work\\reacttest\\hw5\\src\\pages\\main\\compoment\\Trends.js": {"path":"E:\\work\\reacttest\\hw5\\src\\pages\\main\\compoment\\Trends.js","statementMap":{"0":{"start":{"line":5,"column":15},"end":{"line":87,"column":1}},"1":{"start":{"line":6,"column":21},"end":{"line":6,"column":57}},"2":{"start":{"line":6,"column":42},"end":{"line":6,"column":56}},"3":{"start":{"line":7,"column":38},"end":{"line":7,"column":52}},"4":{"start":{"line":8,"column":32},"end":{"line":8,"column":46}},"5":{"start":{"line":11,"column":4},"end":{"line":21,"column":11}},"6":{"start":{"line":12,"column":26},"end":{"line":12,"column":36}},"7":{"start":{"line":13,"column":21},"end":{"line":13,"column":40}},"8":{"start":{"line":14,"column":21},"end":{"line":14,"column":39}},"9":{"start":{"line":15,"column":22},"end":{"line":15,"column":41}},"10":{"start":{"line":16,"column":20},"end":{"line":16,"column":34}},"11":{"start":{"line":17,"column":22},"end":{"line":17,"column":37}},"12":{"start":{"line":18,"column":24},"end":{"line":18,"column":41}},"13":{"start":{"line":19,"column":24},"end":{"line":19,"column":41}},"14":{"start":{"line":20,"column":8},"end":{"line":20,"column":79}},"15":{"start":{"line":24,"column":4},"end":{"line":28,"column":25}},"16":{"start":{"line":25,"column":8},"end":{"line":27,"column":9}},"17":{"start":{"line":26,"column":12},"end":{"line":26,"column":70}},"18":{"start":{"line":26,"column":44},"end":{"line":26,"column":67}},"19":{"start":{"line":30,"column":4},"end":{"line":86,"column":6}}},"fnMap":{"0":{"name":"(anonymous_0)","decl":{"start":{"line":5,"column":15},"end":{"line":5,"column":16}},"loc":{"start":{"line":5,"column":29},"end":{"line":87,"column":1}},"line":5},"1":{"name":"(anonymous_1)","decl":{"start":{"line":6,"column":33},"end":{"line":6,"column":34}},"loc":{"start":{"line":6,"column":42},"end":{"line":6,"column":56}},"line":6},"2":{"name":"(anonymous_2)","decl":{"start":{"line":11,"column":14},"end":{"line":11,"column":15}},"loc":{"start":{"line":11,"column":20},"end":{"line":21,"column":5}},"line":11},"3":{"name":"(anonymous_3)","decl":{"start":{"line":24,"column":14},"end":{"line":24,"column":15}},"loc":{"start":{"line":24,"column":20},"end":{"line":28,"column":5}},"line":24},"4":{"name":"(anonymous_4)","decl":{"start":{"line":26,"column":36},"end":{"line":26,"column":37}},"loc":{"start":{"line":26,"column":44},"end":{"line":26,"column":67}},"line":26}},"branchMap":{"0":{"loc":{"start":{"line":25,"column":8},"end":{"line":27,"column":9}},"type":"if","locations":[{"start":{"line":25,"column":8},"end":{"line":27,"column":9}},{"start":{},"end":{}}],"line":25},"1":{"loc":{"start":{"line":46,"column":17},"end":{"line":50,"column":17}},"type":"binary-expr","locations":[{"start":{"line":46,"column":17},"end":{"line":46,"column":41}},{"start":{"line":47,"column":20},"end":{"line":49,"column":26}}],"line":46},"2":{"loc":{"start":{"line":51,"column":17},"end":{"line":53,"column":17}},"type":"binary-expr","locations":[{"start":{"line":51,"column":17},"end":{"line":51,"column":32}},{"start":{"line":52,"column":20},"end":{"line":52,"column":66}}],"line":51},"3":{"loc":{"start":{"line":62,"column":25},"end":{"line":66,"column":25}},"type":"cond-expr","locations":[{"start":{"line":63,"column":28},"end":{"line":63,"column":46}},{"start":{"line":65,"column":28},"end":{"line":65,"column":81}}],"line":62},"4":{"loc":{"start":{"line":65,"column":28},"end":{"line":65,"column":81}},"type":"binary-expr","locations":[{"start":{"line":65,"column":28},"end":{"line":65,"column":34}},{"start":{"line":65,"column":38},"end":{"line":65,"column":53}},{"start":{"line":65,"column":57},"end":{"line":65,"column":81}}],"line":65},"5":{"loc":{"start":{"line":68,"column":28},"end":{"line":68,"column":61}},"type":"cond-expr","locations":[{"start":{"line":68,"column":40},"end":{"line":68,"column":49}},{"start":{"line":68,"column":52},"end":{"line":68,"column":61}}],"line":68}},"s":{"0":1,"1":50,"2":69,"3":50,"4":50,"5":50,"6":19,"7":19,"8":19,"9":19,"10":19,"11":19,"12":19,"13":19,"14":19,"15":50,"16":27,"17":27,"18":80,"19":50},"f":{"0":50,"1":69,"2":19,"3":27,"4":80},"b":{"0":[27,0],"1":[50,48],"2":[50,2],"3":[0,50],"4":[50,30,30],"5":[2,48]},"_coverageSchema":"1a1c01bbd47fc00a2c39e90264f33305004495a9","hash":"247430427f1c67baa59411cb5cdb723344840453"}
,"E:\\work\\reacttest\\hw5\\src\\pages\\main\\compoment\\Updatestate.js": {"path":"E:\\work\\reacttest\\hw5\\src\\pages\\main\\compoment\\Updatestate.js","statementMap":{"0":{"start":{"line":4,"column":20},"end":{"line":63,"column":1}},"1":{"start":{"line":5,"column":28},"end":{"line":8,"column":6}},"2":{"start":{"line":10,"column":30},"end":{"line":16,"column":5}},"3":{"start":{"line":11,"column":32},"end":{"line":11,"column":44}},"4":{"start":{"line":12,"column":8},"end":{"line":15,"column":12}},"5":{"start":{"line":12,"column":29},"end":{"line":15,"column":9}},"6":{"start":{"line":18,"column":30},"end":{"line":24,"column":5}},"7":{"start":{"line":19,"column":21},"end":{"line":19,"column":42}},"8":{"start":{"line":20,"column":8},"end":{"line":23,"column":12}},"9":{"start":{"line":20,"column":29},"end":{"line":23,"column":9}},"10":{"start":{"line":26,"column":25},"end":{"line":29,"column":5}},"11":{"start":{"line":27,"column":8},"end":{"line":27,"column":31}},"12":{"start":{"line":28,"column":8},"end":{"line":28,"column":27}},"13":{"start":{"line":30,"column":4},"end":{"line":62,"column":6}}},"fnMap":{"0":{"name":"(anonymous_0)","decl":{"start":{"line":4,"column":20},"end":{"line":4,"column":21}},"loc":{"start":{"line":4,"column":42},"end":{"line":63,"column":1}},"line":4},"1":{"name":"(anonymous_1)","decl":{"start":{"line":10,"column":30},"end":{"line":10,"column":31}},"loc":{"start":{"line":10,"column":41},"end":{"line":16,"column":5}},"line":10},"2":{"name":"(anonymous_2)","decl":{"start":{"line":12,"column":16},"end":{"line":12,"column":17}},"loc":{"start":{"line":12,"column":29},"end":{"line":15,"column":9}},"line":12},"3":{"name":"(anonymous_3)","decl":{"start":{"line":18,"column":30},"end":{"line":18,"column":31}},"loc":{"start":{"line":18,"column":41},"end":{"line":24,"column":5}},"line":18},"4":{"name":"(anonymous_4)","decl":{"start":{"line":20,"column":16},"end":{"line":20,"column":17}},"loc":{"start":{"line":20,"column":29},"end":{"line":23,"column":9}},"line":20},"5":{"name":"(anonymous_5)","decl":{"start":{"line":26,"column":25},"end":{"line":26,"column":26}},"loc":{"start":{"line":26,"column":36},"end":{"line":29,"column":5}},"line":26}},"branchMap":{},"s":{"0":1,"1":23,"2":23,"3":1,"4":1,"5":1,"6":23,"7":0,"8":0,"9":0,"10":23,"11":1,"12":1,"13":23},"f":{"0":23,"1":1,"2":1,"3":0,"4":0,"5":1},"b":{},"_coverageSchema":"1a1c01bbd47fc00a2c39e90264f33305004495a9","hash":"ecb5e3b37baeb57a24eb48b15f4a3356c5649d9e"}
,"E:\\work\\reacttest\\hw5\\src\\pages\\main\\compoment\\Updatetrend.js": {"path":"E:\\work\\reacttest\\hw5\\src\\pages\\main\\compoment\\Updatetrend.js","statementMap":{"0":{"start":{"line":4,"column":20},"end":{"line":135,"column":1}},"1":{"start":{"line":5,"column":26},"end":{"line":12,"column":4}},"2":{"start":{"line":13,"column":2},"end":{"line":23,"column":9}},"3":{"start":{"line":14,"column":23},"end":{"line":14,"column":51}},"4":{"start":{"line":15,"column":17},"end":{"line":15,"column":59}},"5":{"start":{"line":16,"column":4},"end":{"line":22,"column":5}},"6":{"start":{"line":17,"column":6},"end":{"line":21,"column":10}},"7":{"start":{"line":17,"column":27},"end":{"line":21,"column":7}},"8":{"start":{"line":25,"column":2},"end":{"line":29,"column":18}},"9":{"start":{"line":26,"column":4},"end":{"line":28,"column":5}},"10":{"start":{"line":27,"column":6},"end":{"line":27,"column":25}},"11":{"start":{"line":31,"column":28},"end":{"line":37,"column":3}},"12":{"start":{"line":32,"column":28},"end":{"line":32,"column":40}},"13":{"start":{"line":33,"column":4},"end":{"line":36,"column":8}},"14":{"start":{"line":33,"column":25},"end":{"line":36,"column":5}},"15":{"start":{"line":39,"column":28},"end":{"line":46,"column":3}},"16":{"start":{"line":40,"column":17},"end":{"line":40,"column":38}},"17":{"start":{"line":41,"column":4},"end":{"line":45,"column":8}},"18":{"start":{"line":41,"column":25},"end":{"line":45,"column":5}},"19":{"start":{"line":48,"column":19},"end":{"line":57,"column":3}},"20":{"start":{"line":49,"column":4},"end":{"line":56,"column":8}},"21":{"start":{"line":49,"column":25},"end":{"line":56,"column":5}},"22":{"start":{"line":59,"column":23},"end":{"line":75,"column":3}},"23":{"start":{"line":60,"column":4},"end":{"line":60,"column":27}},"24":{"start":{"line":61,"column":22},"end":{"line":61,"column":32}},"25":{"start":{"line":62,"column":21},"end":{"line":62,"column":40}},"26":{"start":{"line":63,"column":21},"end":{"line":63,"column":39}},"27":{"start":{"line":64,"column":22},"end":{"line":64,"column":41}},"28":{"start":{"line":65,"column":20},"end":{"line":65,"column":34}},"29":{"start":{"line":66,"column":22},"end":{"line":66,"column":37}},"30":{"start":{"line":67,"column":24},"end":{"line":67,"column":41}},"31":{"start":{"line":68,"column":24},"end":{"line":68,"column":41}},"32":{"start":{"line":69,"column":4},"end":{"line":74,"column":5}},"33":{"start":{"line":70,"column":6},"end":{"line":73,"column":10}},"34":{"start":{"line":70,"column":27},"end":{"line":73,"column":7}},"35":{"start":{"line":77,"column":2},"end":{"line":134,"column":4}},"36":{"start":{"line":128,"column":28},"end":{"line":128,"column":100}},"37":{"start":{"line":128,"column":49},"end":{"line":128,"column":98}}},"fnMap":{"0":{"name":"(anonymous_0)","decl":{"start":{"line":4,"column":20},"end":{"line":4,"column":21}},"loc":{"start":{"line":4,"column":43},"end":{"line":135,"column":1}},"line":4},"1":{"name":"(anonymous_1)","decl":{"start":{"line":13,"column":12},"end":{"line":13,"column":13}},"loc":{"start":{"line":13,"column":18},"end":{"line":23,"column":3}},"line":13},"2":{"name":"(anonymous_2)","decl":{"start":{"line":17,"column":14},"end":{"line":17,"column":15}},"loc":{"start":{"line":17,"column":27},"end":{"line":21,"column":7}},"line":17},"3":{"name":"(anonymous_3)","decl":{"start":{"line":25,"column":12},"end":{"line":25,"column":13}},"loc":{"start":{"line":25,"column":18},"end":{"line":29,"column":3}},"line":25},"4":{"name":"(anonymous_4)","decl":{"start":{"line":31,"column":28},"end":{"line":31,"column":29}},"loc":{"start":{"line":31,"column":39},"end":{"line":37,"column":3}},"line":31},"5":{"name":"(anonymous_5)","decl":{"start":{"line":33,"column":12},"end":{"line":33,"column":13}},"loc":{"start":{"line":33,"column":25},"end":{"line":36,"column":5}},"line":33},"6":{"name":"(anonymous_6)","decl":{"start":{"line":39,"column":28},"end":{"line":39,"column":29}},"loc":{"start":{"line":39,"column":39},"end":{"line":46,"column":3}},"line":39},"7":{"name":"(anonymous_7)","decl":{"start":{"line":41,"column":12},"end":{"line":41,"column":13}},"loc":{"start":{"line":41,"column":25},"end":{"line":45,"column":5}},"line":41},"8":{"name":"(anonymous_8)","decl":{"start":{"line":48,"column":19},"end":{"line":48,"column":20}},"loc":{"start":{"line":48,"column":25},"end":{"line":57,"column":3}},"line":48},"9":{"name":"(anonymous_9)","decl":{"start":{"line":49,"column":12},"end":{"line":49,"column":13}},"loc":{"start":{"line":49,"column":25},"end":{"line":56,"column":5}},"line":49},"10":{"name":"(anonymous_10)","decl":{"start":{"line":59,"column":23},"end":{"line":59,"column":24}},"loc":{"start":{"line":59,"column":34},"end":{"line":75,"column":3}},"line":59},"11":{"name":"(anonymous_11)","decl":{"start":{"line":70,"column":14},"end":{"line":70,"column":15}},"loc":{"start":{"line":70,"column":27},"end":{"line":73,"column":7}},"line":70},"12":{"name":"(anonymous_12)","decl":{"start":{"line":128,"column":22},"end":{"line":128,"column":23}},"loc":{"start":{"line":128,"column":28},"end":{"line":128,"column":100}},"line":128},"13":{"name":"(anonymous_13)","decl":{"start":{"line":128,"column":36},"end":{"line":128,"column":37}},"loc":{"start":{"line":128,"column":49},"end":{"line":128,"column":98}},"line":128}},"branchMap":{"0":{"loc":{"start":{"line":15,"column":17},"end":{"line":15,"column":59}},"type":"cond-expr","locations":[{"start":{"line":15,"column":30},"end":{"line":15,"column":52}},{"start":{"line":15,"column":55},"end":{"line":15,"column":59}}],"line":15},"1":{"loc":{"start":{"line":16,"column":4},"end":{"line":22,"column":5}},"type":"if","locations":[{"start":{"line":16,"column":4},"end":{"line":22,"column":5}},{"start":{},"end":{}}],"line":16},"2":{"loc":{"start":{"line":16,"column":8},"end":{"line":16,"column":25}},"type":"binary-expr","locations":[{"start":{"line":16,"column":8},"end":{"line":16,"column":12}},{"start":{"line":16,"column":16},"end":{"line":16,"column":25}}],"line":16},"3":{"loc":{"start":{"line":20,"column":16},"end":{"line":20,"column":40}},"type":"cond-expr","locations":[{"start":{"line":20,"column":26},"end":{"line":20,"column":33}},{"start":{"line":20,"column":36},"end":{"line":20,"column":40}}],"line":20},"4":{"loc":{"start":{"line":26,"column":4},"end":{"line":28,"column":5}},"type":"if","locations":[{"start":{"line":26,"column":4},"end":{"line":28,"column":5}},{"start":{},"end":{}}],"line":26},"5":{"loc":{"start":{"line":69,"column":4},"end":{"line":74,"column":5}},"type":"if","locations":[{"start":{"line":69,"column":4},"end":{"line":74,"column":5}},{"start":{},"end":{}}],"line":69},"6":{"loc":{"start":{"line":69,"column":8},"end":{"line":69,"column":45}},"type":"binary-expr","locations":[{"start":{"line":69,"column":8},"end":{"line":69,"column":25}},{"start":{"line":69,"column":29},"end":{"line":69,"column":45}}],"line":69}},"s":{"0":1,"1":25,"2":25,"3":7,"4":7,"5":7,"6":0,"7":0,"8":25,"9":8,"10":1,"11":25,"12":2,"13":2,"14":2,"15":25,"16":0,"17":0,"18":0,"19":25,"20":0,"21":0,"22":25,"23":1,"24":1,"25":1,"26":1,"27":1,"28":1,"29":1,"30":1,"31":1,"32":1,"33":1,"34":1,"35":25,"36":0,"37":0},"f":{"0":25,"1":7,"2":0,"3":8,"4":2,"5":2,"6":0,"7":0,"8":0,"9":0,"10":1,"11":1,"12":0,"13":0},"b":{"0":[7,0],"1":[0,7],"2":[7,7],"3":[0,0],"4":[1,7],"5":[1,0],"6":[1,1]},"_coverageSchema":"1a1c01bbd47fc00a2c39e90264f33305004495a9","hash":"c7ef60beb2e9a1ac1bea43c0dae235c7cf1354d6"}
,"E:\\work\\reacttest\\hw5\\src\\pages\\profile\\profile.js": {"path":"E:\\work\\reacttest\\hw5\\src\\pages\\profile\\profile.js","statementMap":{"0":{"start":{"line":9,"column":16},"end":{"line":268,"column":1}},"1":{"start":{"line":10,"column":21},"end":{"line":10,"column":34}},"2":{"start":{"line":11,"column":20},"end":{"line":11,"column":32}},"3":{"start":{"line":12,"column":48},"end":{"line":12,"column":63}},"4":{"start":{"line":14,"column":22},"end":{"line":14,"column":59}},"5":{"start":{"line":14,"column":43},"end":{"line":14,"column":58}},"6":{"start":{"line":15,"column":27},"end":{"line":15,"column":64}},"7":{"start":{"line":15,"column":41},"end":{"line":15,"column":50}},"8":{"start":{"line":16,"column":28},"end":{"line":18,"column":5}},"9":{"start":{"line":17,"column":8},"end":{"line":17,"column":59}},"10":{"start":{"line":20,"column":4},"end":{"line":28,"column":10}},"11":{"start":{"line":21,"column":27},"end":{"line":21,"column":55}},"12":{"start":{"line":22,"column":21},"end":{"line":22,"column":43}},"13":{"start":{"line":23,"column":8},"end":{"line":27,"column":9}},"14":{"start":{"line":24,"column":12},"end":{"line":24,"column":33}},"15":{"start":{"line":26,"column":12},"end":{"line":26,"column":34}},"16":{"start":{"line":30,"column":36},"end":{"line":36,"column":6}},"17":{"start":{"line":39,"column":30},"end":{"line":44,"column":5}},"18":{"start":{"line":40,"column":8},"end":{"line":43,"column":11}},"19":{"start":{"line":47,"column":22},"end":{"line":69,"column":5}},"20":{"start":{"line":48,"column":8},"end":{"line":48,"column":27}},"21":{"start":{"line":49,"column":8},"end":{"line":68,"column":9}},"22":{"start":{"line":50,"column":12},"end":{"line":63,"column":13}},"23":{"start":{"line":51,"column":26},"end":{"line":51,"column":51}},"24":{"start":{"line":52,"column":16},"end":{"line":60,"column":19}},"25":{"start":{"line":53,"column":20},"end":{"line":59,"column":21}},"26":{"start":{"line":54,"column":24},"end":{"line":58,"column":25}},"27":{"start":{"line":55,"column":28},"end":{"line":55,"column":45}},"28":{"start":{"line":57,"column":28},"end":{"line":57,"column":45}},"29":{"start":{"line":61,"column":16},"end":{"line":61,"column":37}},"30":{"start":{"line":66,"column":12},"end":{"line":66,"column":85}},"31":{"start":{"line":67,"column":12},"end":{"line":67,"column":25}},"32":{"start":{"line":71,"column":22},"end":{"line":85,"column":5}},"33":{"start":{"line":72,"column":8},"end":{"line":74,"column":9}},"34":{"start":{"line":73,"column":12},"end":{"line":73,"column":23}},"35":{"start":{"line":76,"column":20},"end":{"line":76,"column":48}},"36":{"start":{"line":78,"column":8},"end":{"line":82,"column":9}},"37":{"start":{"line":79,"column":12},"end":{"line":81,"column":13}},"38":{"start":{"line":80,"column":16},"end":{"line":80,"column":49}},"39":{"start":{"line":84,"column":8},"end":{"line":84,"column":21}},"40":{"start":{"line":86,"column":26},"end":{"line":110,"column":5}},"41":{"start":{"line":87,"column":8},"end":{"line":109,"column":11}},"42":{"start":{"line":112,"column":19},"end":{"line":114,"column":5}},"43":{"start":{"line":113,"column":8},"end":{"line":113,"column":26}},"44":{"start":{"line":116,"column":30},"end":{"line":117,"column":5}},"45":{"start":{"line":119,"column":4},"end":{"line":267,"column":6}}},"fnMap":{"0":{"name":"(anonymous_0)","decl":{"start":{"line":9,"column":16},"end":{"line":9,"column":17}},"loc":{"start":{"line":9,"column":22},"end":{"line":268,"column":1}},"line":9},"1":{"name":"(anonymous_1)","decl":{"start":{"line":14,"column":34},"end":{"line":14,"column":35}},"loc":{"start":{"line":14,"column":43},"end":{"line":14,"column":58}},"line":14},"2":{"name":"(anonymous_2)","decl":{"start":{"line":15,"column":35},"end":{"line":15,"column":36}},"loc":{"start":{"line":15,"column":41},"end":{"line":15,"column":50}},"line":15},"3":{"name":"(anonymous_3)","decl":{"start":{"line":16,"column":28},"end":{"line":16,"column":29}},"loc":{"start":{"line":16,"column":41},"end":{"line":18,"column":5}},"line":16},"4":{"name":"(anonymous_4)","decl":{"start":{"line":20,"column":14},"end":{"line":20,"column":15}},"loc":{"start":{"line":20,"column":20},"end":{"line":28,"column":5}},"line":20},"5":{"name":"(anonymous_5)","decl":{"start":{"line":39,"column":30},"end":{"line":39,"column":31}},"loc":{"start":{"line":39,"column":37},"end":{"line":44,"column":5}},"line":39},"6":{"name":"(anonymous_6)","decl":{"start":{"line":47,"column":22},"end":{"line":47,"column":23}},"loc":{"start":{"line":47,"column":29},"end":{"line":69,"column":5}},"line":47},"7":{"name":"(anonymous_7)","decl":{"start":{"line":52,"column":49},"end":{"line":52,"column":50}},"loc":{"start":{"line":52,"column":67},"end":{"line":60,"column":17}},"line":52},"8":{"name":"(anonymous_8)","decl":{"start":{"line":71,"column":22},"end":{"line":71,"column":23}},"loc":{"start":{"line":71,"column":31},"end":{"line":85,"column":5}},"line":71},"9":{"name":"(anonymous_9)","decl":{"start":{"line":86,"column":26},"end":{"line":86,"column":27}},"loc":{"start":{"line":86,"column":32},"end":{"line":110,"column":5}},"line":86},"10":{"name":"(anonymous_10)","decl":{"start":{"line":112,"column":19},"end":{"line":112,"column":20}},"loc":{"start":{"line":112,"column":25},"end":{"line":114,"column":5}},"line":112},"11":{"name":"(anonymous_11)","decl":{"start":{"line":116,"column":30},"end":{"line":116,"column":31}},"loc":{"start":{"line":116,"column":41},"end":{"line":117,"column":5}},"line":116}},"branchMap":{"0":{"loc":{"start":{"line":23,"column":8},"end":{"line":27,"column":9}},"type":"if","locations":[{"start":{"line":23,"column":8},"end":{"line":27,"column":9}},{"start":{"line":25,"column":15},"end":{"line":27,"column":9}}],"line":23},"1":{"loc":{"start":{"line":49,"column":8},"end":{"line":68,"column":9}},"type":"if","locations":[{"start":{"line":49,"column":8},"end":{"line":68,"column":9}},{"start":{"line":65,"column":15},"end":{"line":68,"column":9}}],"line":49},"2":{"loc":{"start":{"line":53,"column":20},"end":{"line":59,"column":21}},"type":"if","locations":[{"start":{"line":53,"column":20},"end":{"line":59,"column":21}},{"start":{},"end":{}}],"line":53},"3":{"loc":{"start":{"line":53,"column":24},"end":{"line":53,"column":77}},"type":"binary-expr","locations":[{"start":{"line":53,"column":24},"end":{"line":53,"column":36}},{"start":{"line":53,"column":40},"end":{"line":53,"column":59}},{"start":{"line":53,"column":63},"end":{"line":53,"column":77}}],"line":53},"4":{"loc":{"start":{"line":54,"column":24},"end":{"line":58,"column":25}},"type":"if","locations":[{"start":{"line":54,"column":24},"end":{"line":58,"column":25}},{"start":{"line":56,"column":31},"end":{"line":58,"column":25}}],"line":54},"5":{"loc":{"start":{"line":72,"column":8},"end":{"line":74,"column":9}},"type":"if","locations":[{"start":{"line":72,"column":8},"end":{"line":74,"column":9}},{"start":{},"end":{}}],"line":72},"6":{"loc":{"start":{"line":72,"column":12},"end":{"line":72,"column":51}},"type":"binary-expr","locations":[{"start":{"line":72,"column":12},"end":{"line":72,"column":35}},{"start":{"line":72,"column":39},"end":{"line":72,"column":51}}],"line":72},"7":{"loc":{"start":{"line":76,"column":20},"end":{"line":76,"column":48}},"type":"cond-expr","locations":[{"start":{"line":76,"column":41},"end":{"line":76,"column":43}},{"start":{"line":76,"column":46},"end":{"line":76,"column":48}}],"line":76},"8":{"loc":{"start":{"line":79,"column":12},"end":{"line":81,"column":13}},"type":"if","locations":[{"start":{"line":79,"column":12},"end":{"line":81,"column":13}},{"start":{},"end":{}}],"line":79},"9":{"loc":{"start":{"line":152,"column":41},"end":{"line":152,"column":89}},"type":"binary-expr","locations":[{"start":{"line":152,"column":41},"end":{"line":152,"column":65}},{"start":{"line":152,"column":69},"end":{"line":152,"column":89}}],"line":152},"10":{"loc":{"start":{"line":161,"column":41},"end":{"line":161,"column":86}},"type":"binary-expr","locations":[{"start":{"line":161,"column":41},"end":{"line":161,"column":62}},{"start":{"line":161,"column":66},"end":{"line":161,"column":86}}],"line":161},"11":{"loc":{"start":{"line":172,"column":41},"end":{"line":172,"column":86}},"type":"binary-expr","locations":[{"start":{"line":172,"column":41},"end":{"line":172,"column":62}},{"start":{"line":172,"column":66},"end":{"line":172,"column":86}}],"line":172},"12":{"loc":{"start":{"line":181,"column":41},"end":{"line":181,"column":106}},"type":"binary-expr","locations":[{"start":{"line":181,"column":41},"end":{"line":181,"column":64}},{"start":{"line":181,"column":68},"end":{"line":181,"column":100}},{"start":{"line":181,"column":104},"end":{"line":181,"column":106}}],"line":181},"13":{"loc":{"start":{"line":191,"column":41},"end":{"line":191,"column":190}},"type":"cond-expr","locations":[{"start":{"line":191,"column":63},"end":{"line":191,"column":100}},{"start":{"line":191,"column":103},"end":{"line":191,"column":190}}],"line":191},"14":{"loc":{"start":{"line":191,"column":103},"end":{"line":191,"column":190}},"type":"cond-expr","locations":[{"start":{"line":191,"column":137},"end":{"line":191,"column":185}},{"start":{"line":191,"column":188},"end":{"line":191,"column":190}}],"line":191},"15":{"loc":{"start":{"line":201,"column":80},"end":{"line":201,"column":118}},"type":"cond-expr","locations":[{"start":{"line":201,"column":97},"end":{"line":201,"column":113}},{"start":{"line":201,"column":116},"end":{"line":201,"column":118}}],"line":201}},"s":{"0":1,"1":9,"2":9,"3":9,"4":9,"5":14,"6":9,"7":5,"8":9,"9":2,"10":9,"11":5,"12":5,"13":5,"14":1,"15":4,"16":9,"17":9,"18":4,"19":9,"20":2,"21":2,"22":1,"23":1,"24":1,"25":5,"26":2,"27":0,"28":2,"29":1,"30":1,"31":1,"32":9,"33":7,"34":5,"35":2,"36":2,"37":6,"38":6,"39":2,"40":9,"41":0,"42":9,"43":1,"44":9,"45":9},"f":{"0":9,"1":14,"2":5,"3":2,"4":5,"5":4,"6":2,"7":5,"8":7,"9":0,"10":1,"11":0},"b":{"0":[1,4],"1":[1,1],"2":[2,3],"3":[5,2,2],"4":[0,2],"5":[5,2],"6":[7,2],"7":[0,2],"8":[6,0],"9":[9,0],"10":[9,0],"11":[9,0],"12":[9,9,0],"13":[0,9],"14":[9,0],"15":[0,9]},"_coverageSchema":"1a1c01bbd47fc00a2c39e90264f33305004495a9","hash":"0abcf21d8cf8f28a17830a6bda91fee4dd4e4963"}
}
