TN:
SF:src\pages\auth\auth.js
FN:8,(anonymous_0)
FN:13,(anonymous_1)
FN:14,(anonymous_2)
FN:15,(anonymous_3)
FN:19,(anonymous_4)
FN:23,(anonymous_5)
FN:56,(anonymous_6)
FN:61,(anonymous_7)
FN:63,(anonymous_8)
FN:64,(anonymous_9)
FN:66,(anonymous_10)
FN:68,(anonymous_11)
FN:69,(anonymous_12)
FN:71,(anonymous_13)
FN:76,(anonymous_14)
FN:83,(anonymous_15)
FN:90,(anonymous_16)
FN:91,(anonymous_17)
FN:114,(anonymous_18)
FN:124,(anonymous_19)
FN:134,(anonymous_20)
FN:148,(anonymous_21)
FN:152,(anonymous_22)
FN:154,(anonymous_23)
FN:171,(anonymous_24)
FNF:25
FNH:21
FNDA:43,(anonymous_0)
FNDA:50,(anonymous_1)
FNDA:7,(anonymous_2)
FNDA:6,(anonymous_3)
FNDA:6,(anonymous_4)
FNDA:9,(anonymous_5)
FNDA:7,(anonymous_6)
FNDA:7,(anonymous_7)
FNDA:6,(anonymous_8)
FNDA:6,(anonymous_9)
FNDA:0,(anonymous_10)
FNDA:6,(anonymous_11)
FNDA:6,(anonymous_12)
FNDA:0,(anonymous_13)
FNDA:4,(anonymous_14)
FNDA:32,(anonymous_15)
FNDA:3,(anonymous_16)
FNDA:3,(anonymous_17)
FNDA:2,(anonymous_18)
FNDA:4,(anonymous_19)
FNDA:4,(anonymous_20)
FNDA:0,(anonymous_21)
FNDA:2,(anonymous_22)
FNDA:2,(anonymous_23)
FNDA:0,(anonymous_24)
DA:8,1
DA:9,43
DA:10,43
DA:11,43
DA:13,50
DA:14,43
DA:15,43
DA:16,6
DA:19,43
DA:20,6
DA:23,43
DA:24,9
DA:27,43
DA:51,43
DA:56,43
DA:57,7
DA:58,7
DA:61,43
DA:62,7
DA:63,6
DA:65,6
DA:66,0
DA:67,7
DA:68,6
DA:70,6
DA:71,0
DA:76,43
DA:77,4
DA:83,43
DA:84,32
DA:90,43
DA:91,3
DA:92,3
DA:93,1
DA:94,1
DA:96,2
DA:97,2
DA:98,2
DA:99,2
DA:100,2
DA:101,2
DA:102,2
DA:103,2
DA:105,2
DA:106,0
DA:107,0
DA:108,2
DA:109,2
DA:114,43
DA:115,2
DA:116,1
DA:117,1
DA:119,1
DA:120,1
DA:124,43
DA:125,4
DA:126,4
DA:127,3
DA:129,1
DA:130,1
DA:134,43
DA:135,4
DA:136,4
DA:137,4
DA:139,1
DA:140,1
DA:141,1
DA:142,1
DA:143,1
DA:145,4
DA:148,43
DA:149,0
DA:152,43
DA:153,2
DA:154,2
DA:155,2
DA:160,2
DA:161,1
DA:162,1
DA:163,1
DA:164,1
DA:165,1
DA:167,1
DA:171,43
DA:172,0
DA:200,43
LF:86
LH:80
BRDA:92,0,0,1
BRDA:92,0,1,2
BRDA:96,1,0,2
BRDA:96,1,1,0
BRDA:102,2,0,2
BRDA:102,2,1,0
BRDA:102,3,0,2
BRDA:102,3,1,0
BRDA:102,3,2,0
BRDA:105,4,0,0
BRDA:105,4,1,2
BRDA:108,5,0,2
BRDA:108,5,1,0
BRDA:115,6,0,1
BRDA:115,6,1,1
BRDA:126,7,0,3
BRDA:126,7,1,1
BRDA:136,8,0,4
BRDA:136,8,1,3
BRDA:136,8,2,2
BRDA:137,9,0,1
BRDA:137,9,1,3
BRDA:156,10,0,2
BRDA:156,10,1,1
BRDA:160,11,0,1
BRDA:160,11,1,1
BRDA:205,12,0,0
BRDA:205,12,1,43
BRDA:300,13,0,0
BRDA:300,13,1,43
BRDA:326,14,0,0
BRDA:326,14,1,43
BRDA:329,15,0,0
BRDA:329,15,1,43
BRDA:335,16,0,0
BRDA:335,16,1,43
BRF:36
BRH:25
end_of_record
TN:
SF:src\pages\main\main.js
FN:15,(anonymous_0)
FN:23,(anonymous_1)
FN:24,(anonymous_2)
FN:25,(anonymous_3)
FN:29,(anonymous_4)
FN:30,(anonymous_5)
FN:31,(anonymous_6)
FN:34,(anonymous_7)
FN:35,(anonymous_8)
FN:36,(anonymous_9)
FN:42,(anonymous_10)
FN:48,(anonymous_11)
FN:49,(anonymous_12)
FN:53,(anonymous_13)
FN:54,(anonymous_14)
FN:62,(anonymous_15)
FN:65,(anonymous_16)
FN:82,(anonymous_17)
FN:86,(anonymous_18)
FN:93,(anonymous_19)
FN:95,(anonymous_20)
FN:107,(anonymous_21)
FN:108,(anonymous_22)
FN:112,(anonymous_23)
FN:122,(anonymous_24)
FN:124,(anonymous_25)
FN:125,(anonymous_26)
FN:132,(anonymous_27)
FN:133,(anonymous_28)
FN:145,(anonymous_29)
FN:146,(anonymous_30)
FN:179,(anonymous_31)
FN:186,(anonymous_32)
FNF:33
FNH:30
FNDA:22,(anonymous_0)
FNDA:29,(anonymous_1)
FNDA:7,(anonymous_2)
FNDA:7,(anonymous_3)
FNDA:29,(anonymous_4)
FNDA:7,(anonymous_5)
FNDA:7,(anonymous_6)
FNDA:29,(anonymous_7)
FNDA:7,(anonymous_8)
FNDA:8,(anonymous_9)
FNDA:7,(anonymous_10)
FNDA:7,(anonymous_11)
FNDA:7,(anonymous_12)
FNDA:7,(anonymous_13)
FNDA:7,(anonymous_14)
FNDA:7,(anonymous_15)
FNDA:30,(anonymous_16)
FNDA:15,(anonymous_17)
FNDA:18,(anonymous_18)
FNDA:10,(anonymous_19)
FNDA:180,(anonymous_20)
FNDA:0,(anonymous_21)
FNDA:0,(anonymous_22)
FNDA:1,(anonymous_23)
FNDA:1,(anonymous_24)
FNDA:1,(anonymous_25)
FNDA:1,(anonymous_26)
FNDA:1,(anonymous_27)
FNDA:10,(anonymous_28)
FNDA:8,(anonymous_29)
FNDA:0,(anonymous_30)
FNDA:23,(anonymous_31)
FNDA:27,(anonymous_32)
DA:15,1
DA:16,22
DA:17,22
DA:18,22
DA:19,22
DA:20,22
DA:21,22
DA:23,29
DA:24,22
DA:25,22
DA:26,7
DA:29,29
DA:30,22
DA:31,22
DA:32,7
DA:34,29
DA:35,22
DA:36,22
DA:37,8
DA:38,8
DA:39,8
DA:42,22
DA:43,7
DA:44,7
DA:45,7
DA:46,7
DA:47,7
DA:48,7
DA:50,7
DA:52,7
DA:53,7
DA:55,7
DA:58,0
DA:62,22
DA:63,7
DA:64,7
DA:65,3
DA:66,30
DA:75,3
DA:76,3
DA:82,22
DA:83,15
DA:86,22
DA:87,18
DA:88,12
DA:89,12
DA:90,12
DA:91,12
DA:93,10
DA:95,12
DA:96,180
DA:97,24
DA:100,12
DA:101,12
DA:107,22
DA:108,0
DA:109,0
DA:112,22
DA:113,1
DA:114,1
DA:115,1
DA:116,1
DA:122,22
DA:123,1
DA:124,1
DA:125,1
DA:126,1
DA:132,22
DA:133,10
DA:134,1
DA:135,1
DA:136,1
DA:137,1
DA:139,0
DA:145,22
DA:146,8
DA:147,0
DA:148,0
DA:150,8
DA:151,8
DA:152,7
DA:156,22
DA:180,23
DA:187,27
LF:84
LH:78
BRDA:45,0,0,7
BRDA:45,0,1,0
BRDA:45,1,0,7
BRDA:45,1,1,0
BRDA:64,2,0,3
BRDA:64,2,1,4
BRDA:64,3,0,7
BRDA:64,3,1,4
BRDA:67,4,0,30
BRDA:67,4,1,27
BRDA:67,4,2,24
BRDA:67,4,3,21
BRDA:67,4,4,0
BRDA:67,4,5,21
BRDA:67,4,6,0
BRDA:67,4,7,21
BRDA:67,4,8,0
BRDA:87,5,0,12
BRDA:87,5,1,6
BRDA:87,6,0,18
BRDA:87,6,1,18
BRDA:96,7,0,24
BRDA:96,7,1,156
BRDA:134,8,0,1
BRDA:134,8,1,0
BRDA:148,9,0,0
BRDA:148,9,1,0
BRDA:151,10,0,7
BRDA:151,10,1,1
BRDA:164,11,0,22
BRDA:164,11,1,22
BRDA:164,11,2,10
BRDA:165,12,0,22
BRDA:165,12,1,22
BRDA:165,12,2,22
BRF:35
BRH:27
end_of_record
TN:
SF:src\pages\main\compoment\Addfollow.js
FN:4,(anonymous_0)
FN:9,(anonymous_1)
FN:11,(anonymous_2)
FN:18,(anonymous_3)
FNF:4
FNH:4
FNDA:23,(anonymous_0)
FNDA:1,(anonymous_1)
FNDA:1,(anonymous_2)
FNDA:1,(anonymous_3)
DA:4,1
DA:5,23
DA:9,23
DA:10,1
DA:11,1
DA:18,23
DA:19,1
DA:20,1
DA:22,23
LF:9
LH:9
BRF:0
BRH:0
end_of_record
TN:
SF:src\pages\main\compoment\Followed.js
FN:4,(anonymous_0)
FN:5,(anonymous_1)
FNF:2
FNH:1
FNDA:23,(anonymous_0)
FNDA:0,(anonymous_1)
DA:4,1
DA:5,23
DA:6,0
DA:8,23
LF:4
LH:3
BRF:0
BRH:0
end_of_record
TN:
SF:src\pages\main\compoment\SearchBar.js
FN:4,(anonymous_0)
FN:9,(anonymous_1)
FN:11,(anonymous_2)
FN:18,(anonymous_3)
FNF:4
FNH:4
FNDA:23,(anonymous_0)
FNDA:1,(anonymous_1)
FNDA:1,(anonymous_2)
FNDA:8,(anonymous_3)
DA:4,1
DA:5,23
DA:9,23
DA:10,1
DA:11,1
DA:18,23
DA:19,8
DA:21,23
LF:8
LH:8
BRF:0
BRH:0
end_of_record
TN:
SF:src\pages\main\compoment\Trends.js
FN:5,(anonymous_0)
FN:6,(anonymous_1)
FN:11,(anonymous_2)
FN:24,(anonymous_3)
FN:26,(anonymous_4)
FNF:5
FNH:5
FNDA:50,(anonymous_0)
FNDA:69,(anonymous_1)
FNDA:19,(anonymous_2)
FNDA:27,(anonymous_3)
FNDA:80,(anonymous_4)
DA:5,1
DA:6,69
DA:7,50
DA:8,50
DA:11,50
DA:12,19
DA:13,19
DA:14,19
DA:15,19
DA:16,19
DA:17,19
DA:18,19
DA:19,19
DA:20,19
DA:24,50
DA:25,27
DA:26,80
DA:30,50
LF:18
LH:18
BRDA:25,0,0,27
BRDA:25,0,1,0
BRDA:46,1,0,50
BRDA:46,1,1,48
BRDA:51,2,0,50
BRDA:51,2,1,2
BRDA:62,3,0,0
BRDA:62,3,1,50
BRDA:65,4,0,50
BRDA:65,4,1,30
BRDA:65,4,2,30
BRDA:68,5,0,2
BRDA:68,5,1,48
BRF:13
BRH:11
end_of_record
TN:
SF:src\pages\main\compoment\Updatestate.js
FN:4,(anonymous_0)
FN:10,(anonymous_1)
FN:12,(anonymous_2)
FN:18,(anonymous_3)
FN:20,(anonymous_4)
FN:26,(anonymous_5)
FNF:6
FNH:4
FNDA:23,(anonymous_0)
FNDA:1,(anonymous_1)
FNDA:1,(anonymous_2)
FNDA:0,(anonymous_3)
FNDA:0,(anonymous_4)
FNDA:1,(anonymous_5)
DA:4,1
DA:5,23
DA:10,23
DA:11,1
DA:12,1
DA:18,23
DA:19,0
DA:20,0
DA:26,23
DA:27,1
DA:28,1
DA:30,23
LF:12
LH:10
BRF:0
BRH:0
end_of_record
TN:
SF:src\pages\main\compoment\Updatetrend.js
FN:4,(anonymous_0)
FN:13,(anonymous_1)
FN:17,(anonymous_2)
FN:25,(anonymous_3)
FN:31,(anonymous_4)
FN:33,(anonymous_5)
FN:39,(anonymous_6)
FN:41,(anonymous_7)
FN:48,(anonymous_8)
FN:49,(anonymous_9)
FN:59,(anonymous_10)
FN:70,(anonymous_11)
FN:128,(anonymous_12)
FN:128,(anonymous_13)
FNF:14
FNH:7
FNDA:25,(anonymous_0)
FNDA:7,(anonymous_1)
FNDA:0,(anonymous_2)
FNDA:8,(anonymous_3)
FNDA:2,(anonymous_4)
FNDA:2,(anonymous_5)
FNDA:0,(anonymous_6)
FNDA:0,(anonymous_7)
FNDA:0,(anonymous_8)
FNDA:0,(anonymous_9)
FNDA:1,(anonymous_10)
FNDA:1,(anonymous_11)
FNDA:0,(anonymous_12)
FNDA:0,(anonymous_13)
DA:4,1
DA:5,25
DA:13,25
DA:14,7
DA:15,7
DA:16,7
DA:17,0
DA:25,25
DA:26,8
DA:27,1
DA:31,25
DA:32,2
DA:33,2
DA:39,25
DA:40,0
DA:41,0
DA:48,25
DA:49,0
DA:59,25
DA:60,1
DA:61,1
DA:62,1
DA:63,1
DA:64,1
DA:65,1
DA:66,1
DA:67,1
DA:68,1
DA:69,1
DA:70,1
DA:77,25
DA:128,0
LF:32
LH:27
BRDA:15,0,0,7
BRDA:15,0,1,0
BRDA:16,1,0,0
BRDA:16,1,1,7
BRDA:16,2,0,7
BRDA:16,2,1,7
BRDA:20,3,0,0
BRDA:20,3,1,0
BRDA:26,4,0,1
BRDA:26,4,1,7
BRDA:69,5,0,1
BRDA:69,5,1,0
BRDA:69,6,0,1
BRDA:69,6,1,1
BRF:14
BRH:9
end_of_record
TN:
SF:src\pages\profile\profile.js
FN:9,(anonymous_0)
FN:14,(anonymous_1)
FN:15,(anonymous_2)
FN:16,(anonymous_3)
FN:20,(anonymous_4)
FN:39,(anonymous_5)
FN:47,(anonymous_6)
FN:52,(anonymous_7)
FN:71,(anonymous_8)
FN:86,(anonymous_9)
FN:112,(anonymous_10)
FN:116,(anonymous_11)
FNF:12
FNH:10
FNDA:9,(anonymous_0)
FNDA:14,(anonymous_1)
FNDA:5,(anonymous_2)
FNDA:2,(anonymous_3)
FNDA:5,(anonymous_4)
FNDA:4,(anonymous_5)
FNDA:2,(anonymous_6)
FNDA:5,(anonymous_7)
FNDA:7,(anonymous_8)
FNDA:0,(anonymous_9)
FNDA:1,(anonymous_10)
FNDA:0,(anonymous_11)
DA:9,1
DA:10,9
DA:11,9
DA:12,9
DA:14,14
DA:15,9
DA:16,9
DA:17,2
DA:20,9
DA:21,5
DA:22,5
DA:23,5
DA:24,1
DA:26,4
DA:30,9
DA:39,9
DA:40,4
DA:47,9
DA:48,2
DA:49,2
DA:50,1
DA:51,1
DA:52,1
DA:53,5
DA:54,2
DA:55,0
DA:57,2
DA:61,1
DA:66,1
DA:67,1
DA:71,9
DA:72,7
DA:73,5
DA:76,2
DA:78,2
DA:79,6
DA:80,6
DA:84,2
DA:86,9
DA:87,0
DA:112,9
DA:113,1
DA:116,9
DA:119,9
LF:44
LH:42
BRDA:23,0,0,1
BRDA:23,0,1,4
BRDA:49,1,0,1
BRDA:49,1,1,1
BRDA:53,2,0,2
BRDA:53,2,1,3
BRDA:53,3,0,5
BRDA:53,3,1,2
BRDA:53,3,2,2
BRDA:54,4,0,0
BRDA:54,4,1,2
BRDA:72,5,0,5
BRDA:72,5,1,2
BRDA:72,6,0,7
BRDA:72,6,1,2
BRDA:76,7,0,0
BRDA:76,7,1,2
BRDA:79,8,0,6
BRDA:79,8,1,0
BRDA:152,9,0,9
BRDA:152,9,1,0
BRDA:161,10,0,9
BRDA:161,10,1,0
BRDA:172,11,0,9
BRDA:172,11,1,0
BRDA:181,12,0,9
BRDA:181,12,1,9
BRDA:181,12,2,0
BRDA:191,13,0,0
BRDA:191,13,1,9
BRDA:191,14,0,9
BRDA:191,14,1,0
BRDA:201,15,0,0
BRDA:201,15,1,9
BRF:34
BRH:24
end_of_record
